Build started 7/08/2015 5:25:21 PM.
     1>Project "D:\uni\Games Programming\Spike3\Spike3\Spike3\Spike3.vcxproj" on node 2 (build target(s)).
     1>InitializeBuildStatus:
         Creating "Debug\Spike3.unsuccessfulbuild" because "AlwaysCreate" was specified.
       ClCompile:
         D:\Programs\Visual Studio 2010 C++\VC\bin\CL.exe /c /ZI /nologo /W3 /WX- /Od /Oy- /D WIN32 /D _DEBUG /D _CONSOLE /D _UNICODE /D UNICODE /Gm /EHsc /RTC1 /MDd /GS /fp:precise /Zc:wchar_t /Zc:forScope /Fo"Debug\\" /Fd"Debug\vc100.pdb" /Gd /TP /analyze- /errorReport:prompt Spike3.cpp
         Spike3.cpp
       ManifestResourceCompile:
         All outputs are up-to-date.
       Link:
         D:\Programs\Visual Studio 2010 C++\VC\bin\link.exe /ERRORREPORT:PROMPT /OUT:"D:\uni\Games Programming\Spike3\Spike3\Debug\Spike3.exe" /INCREMENTAL /NOLOGO kernel32.lib user32.lib gdi32.lib winspool.lib comdlg32.lib advapi32.lib shell32.lib ole32.lib oleaut32.lib uuid.lib odbc32.lib odbccp32.lib /MANIFEST /ManifestFile:"Debug\Spike3.exe.intermediate.manifest" /MANIFESTUAC:"level='asInvoker' uiAccess='false'" /DEBUG /PDB:"D:\uni\Games Programming\Spike3\Spike3\Debug\Spike3.pdb" /SUBSYSTEM:CONSOLE /TLBID:1 /DYNAMICBASE /NXCOMPAT /IMPLIB:"D:\uni\Games Programming\Spike3\Spike3\Debug\Spike3.lib" /MACHINE:X86 Debug\Spike3.exe.embed.manifest.res
         Debug\Spike3.obj
       Manifest:
         C:\Program Files (x86)\Microsoft SDKs\Windows\v7.0A\bin\mt.exe /nologo /verbose /out:"Debug\Spike3.exe.embed.manifest" /manifest Debug\Spike3.exe.intermediate.manifest
         All outputs are up-to-date.
       LinkEmbedManifest:
         All outputs are up-to-date.
         Spike3.vcxproj -> D:\uni\Games Programming\Spike3\Spike3\Debug\Spike3.exe
       FinalizeBuildStatus:
         Deleting file "Debug\Spike3.unsuccessfulbuild".
         Touching "Debug\Spike3.lastbuildstate".
     1>Done Building Project "D:\uni\Games Programming\Spike3\Spike3\Spike3\Spike3.vcxproj" (build target(s)).

Build succeeded.

Time Elapsed 00:00:02.44
